<?xml version="1.0" encoding="UTF-8"?>
<!-- Generated by org.testng.reporters.JUnitReportReporter -->
<testsuite hostname="LAPTOP-KD6JVA8H" failures="0" tests="2" name="com.pivotree.auto.training.TC_ValidateBrokenLinks" time="55.301" errors="0" timestamp="2025-05-25T18:26:32 IST" skipped="0">
  <testcase classname="com.pivotree.auto.training.TC_ValidateBrokenLinks" name="Validate_Label_BrokenLinks" time="25.955"/>
  <testcase classname="com.pivotree.auto.training.TC_ValidateBrokenLinks" name="Validate_Label_FooterLink" time="29.346"/>
</testsuite> <!-- com.pivotree.auto.training.TC_ValidateBrokenLinks -->
