<?xml version="1.0" encoding="UTF-8"?>
<!-- Generated by org.testng.reporters.JUnitReportReporter -->
<testsuite hostname="LAPTOP-KD6JVA8H" failures="0" tests="4" name="com.pivotree.auto.training.TC_ScrollToElementAndCapture" time="45.662" errors="0" timestamp="2025-06-02T21:09:44 IST" skipped="0">
  <testcase classname="com.pivotree.auto.training.TC_ScrollToElementAndCapture" name="Validate_scrollToTopAndCapture" time="6.520"/>
  <testcase classname="com.pivotree.auto.training.TC_ScrollToElementAndCapture" name="Validate_scrollToBottomAndCapture" time="8.215"/>
  <testcase classname="com.pivotree.auto.training.TC_ScrollToElementAndCapture" name="Validate_scrollToElementAndCapture" time="8.007"/>
  <testcase classname="com.pivotree.auto.training.TC_ScrollToElementAndCapture" name="Validate_captureFullPageScreen" time="22.920"/>
</testsuite> <!-- com.pivotree.auto.training.TC_ScrollToElementAndCapture -->
