<?xml version="1.0" encoding="UTF-8"?>
<!-- Generated by org.testng.reporters.JUnitReportReporter -->
<testsuite hostname="LAPTOP-KD6JVA8H" failures="0" tests="3" name="com.pivotree.auto.training.TC_IdentifyMax_MinBookDetails" time="13.616" errors="0" timestamp="2025-05-23T19:34:54 IST" skipped="2">
  <testcase classname="com.pivotree.auto.training.TC_IdentifyMax_MinBookDetails" name="Validate_Average_PriceWiseBookDetails" time="13.616"/>
  <testcase classname="com.pivotree.auto.training.TC_IdentifyMax_MinBookDetails" name="Validate_Highest_PriceWiseBookDetails">
    <skipped/>
  </testcase> <!-- Validate_Highest_PriceWiseBookDetails -->
  <testcase classname="com.pivotree.auto.training.TC_IdentifyMax_MinBookDetails" name="Validate_Lowest_PriceWiseBookDetails">
    <skipped/>
  </testcase> <!-- Validate_Lowest_PriceWiseBookDetails -->
</testsuite> <!-- com.pivotree.auto.training.TC_IdentifyMax_MinBookDetails -->
