<?xml version="1.0" encoding="UTF-8"?>
<!-- Generated by org.testng.reporters.JUnitReportReporter -->
<testsuite hostname="LAPTOP-KD6JVA8H" failures="0" tests="3" name="com.RestAssured.HitGetRequest" time="8.860" errors="0" timestamp="2024-09-20T22:23:37 IST" skipped="0">
  <testcase classname="com.RestAssured.HitGetRequest" name="VerifyGivenEndPoint" time="6.383"/>
  <testcase classname="com.RestAssured.HitGetRequest" name="VerifyStatusCode" time="1.249"/>
  <testcase classname="com.RestAssured.HitGetRequest" name="ExtractResponse" time="1.228"/>
</testsuite> <!-- com.RestAssured.HitGetRequest -->
