<?xml version="1.0" encoding="UTF-8"?>
<!-- Generated by org.testng.reporters.JUnitReportReporter -->
<testsuite hostname="LAPTOP-KD6JVA8H" failures="0" tests="1" name="com.pivotree.auto.training.TC_ProductSelectionAutomation" time="12.945" errors="0" timestamp="2025-05-24T22:33:56 IST" skipped="0">
  <testcase classname="com.pivotree.auto.training.TC_ProductSelectionAutomation" name="validate_MatchedProductSelection" time="12.945"/>
</testsuite> <!-- com.pivotree.auto.training.TC_ProductSelectionAutomation -->
