<?xml version="1.0" encoding="UTF-8"?>
<!-- Generated by org.testng.reporters.JUnitReportReporter -->
<testsuite hostname="LAPTOP-KD6JVA8H" failures="0" tests="1" name="com.RestAssured.Post_PayloadReq_File" time="3.975" errors="0" timestamp="2024-10-21T20:50:11 IST" skipped="0">
  <testcase classname="com.RestAssured.Post_PayloadReq_File" name="VerifyStatusCode" time="3.975"/>
</testsuite> <!-- com.RestAssured.Post_PayloadReq_File -->
