<?xml version="1.0" encoding="UTF-8"?>
<!-- Generated by org.testng.reporters.JUnitReportReporter -->
<testsuite hostname="LAPTOP-KD6JVA8H" failures="0" tests="1" name="BundleUp.Bundle_Automation_Projects.Practice_Test_001" time="0.004" errors="0" timestamp="2025-04-28T22:14:44 IST" skipped="0">
  <testcase classname="BundleUp.Bundle_Automation_Projects.Practice_Test_001" name="Value" time="0.004"/>
</testsuite> <!-- BundleUp.Bundle_Automation_Projects.Practice_Test_001 -->
