<?xml version="1.0" encoding="UTF-8"?>
<!-- Generated by org.testng.reporters.JUnitReportReporter -->
<testsuite hostname="LAPTOP-KD6JVA8H" failures="0" tests="3" name="com.pivotree.auto.training.TC_IdentifyMax_MinBookDetails" time="22.871" errors="0" timestamp="2025-05-23T18:54:07 IST" skipped="0">
  <testcase classname="com.pivotree.auto.training.TC_IdentifyMax_MinBookDetails" name="Validate_Highest_PriceWiseBookDetails" time="8.129"/>
  <testcase classname="com.pivotree.auto.training.TC_IdentifyMax_MinBookDetails" name="Validate_Lowest_PriceWiseBookDetails" time="8.039"/>
  <testcase classname="com.pivotree.auto.training.TC_IdentifyMax_MinBookDetails" name="Validate_Average_PriceWiseBookDetails" time="6.703"/>
</testsuite> <!-- com.pivotree.auto.training.TC_IdentifyMax_MinBookDetails -->
