<?xml version="1.0" encoding="UTF-8"?>
<!-- Generated by org.testng.reporters.JUnitReportReporter -->
<testsuite hostname="LAPTOP-KD6JVA8H" failures="0" tests="2" name="com.pivotree.auto.training.TC_FillPersonalDetails" time="37.026" errors="0" timestamp="2025-05-25T18:26:31 IST" skipped="0">
  <testcase classname="com.pivotree.auto.training.TC_FillPersonalDetails" name="ValidatePageTitle" time="11.107"/>
  <testcase classname="com.pivotree.auto.training.TC_FillPersonalDetails" name="ValidateMultiplePageLocators" time="25.919"/>
</testsuite> <!-- com.pivotree.auto.training.TC_FillPersonalDetails -->
