<?xml version="1.0" encoding="UTF-8"?>
<!-- Generated by org.testng.reporters.JUnitReportReporter -->
<testsuite hostname="LAPTOP-KD6JVA8H" failures="0" tests="2" name="com.pivotree.auto.training.TC_DynamicTabNavigation" time="37.803" errors="0" timestamp="2025-05-23T21:40:07 IST" skipped="1">
  <testcase classname="com.pivotree.auto.training.TC_DynamicTabNavigation" name="Validate_TabNamesNavigatedCorrectly" time="37.803"/>
  <testcase classname="com.pivotree.auto.training.TC_DynamicTabNavigation" name="Validate_TabNamesCorrectness">
    <skipped/>
  </testcase> <!-- Validate_TabNamesCorrectness -->
</testsuite> <!-- com.pivotree.auto.training.TC_DynamicTabNavigation -->
