<?xml version="1.0" encoding="UTF-8"?>
<!-- Generated by org.testng.reporters.JUnitReportReporter -->
<testsuite hostname="LAPTOP-KD6JVA8H" failures="0" tests="2" name="com.pivotree.auto.training.TC_captureScreenshotsWhileNavigatingTabs" time="37.431" errors="0" timestamp="2025-05-27T12:00:08 IST" skipped="0">
  <testcase classname="com.pivotree.auto.training.TC_captureScreenshotsWhileNavigatingTabs" name="Validate_TabNamesCorrectness" time="8.088"/>
  <testcase classname="com.pivotree.auto.training.TC_captureScreenshotsWhileNavigatingTabs" name="captureScreenshotsWhileSwitchingTabs" time="29.343"/>
</testsuite> <!-- com.pivotree.auto.training.TC_captureScreenshotsWhileNavigatingTabs -->
