<?xml version="1.0" encoding="UTF-8"?>
<!-- Generated by org.testng.reporters.JUnitReportReporter -->
<testsuite hostname="LAPTOP-KD6JVA8H" failures="0" tests="1" name="com.pivotree.auto.training.TC_SelectDateFromPicker" time="13.026" errors="0" timestamp="2025-05-25T18:26:32 IST" skipped="0">
  <testcase classname="com.pivotree.auto.training.TC_SelectDateFromPicker" name="Validate_DyanmicCheckBoxSelection" time="13.026"/>
</testsuite> <!-- com.pivotree.auto.training.TC_SelectDateFromPicker -->
