<?xml version="1.0" encoding="UTF-8"?>
<!-- Generated by org.testng.reporters.JUnitReportReporter -->
<testsuite hostname="LAPTOP-KD6JVA8H" failures="0" tests="1" name="com.Interview_Tests.Automate_GoDaddySite" time="8.196" errors="0" timestamp="2024-12-29T21:42:20 IST" skipped="0">
  <testcase classname="com.Interview_Tests.Automate_GoDaddySite" name="Validate_Automate_the_first_menulink" time="8.196"/>
</testsuite> <!-- com.Interview_Tests.Automate_GoDaddySite -->
