<?xml version="1.0" encoding="UTF-8"?>
<!-- Generated by org.testng.reporters.JUnitReportReporter -->
<testsuite hostname="LAPTOP-KD6JVA8H" failures="0" tests="2" name="com.pivotree.auto.training.TC_HandlingAutoSuggestDropdowns" time="16.874" errors="0" timestamp="2025-05-24T17:13:30 IST" skipped="1">
  <testcase classname="com.pivotree.auto.training.TC_HandlingAutoSuggestDropdowns" name="selectLongestAutoSuggestion" time="16.874"/>
  <testcase classname="com.pivotree.auto.training.TC_HandlingAutoSuggestDropdowns" name="Validate_SuggestCount">
    <skipped/>
  </testcase> <!-- Validate_SuggestCount -->
</testsuite> <!-- com.pivotree.auto.training.TC_HandlingAutoSuggestDropdowns -->
