<?xml version="1.0" encoding="UTF-8"?>
<!-- Generated by org.testng.reporters.JUnitReportReporter -->
<testsuite hostname="LAPTOP-KD6JVA8H" failures="0" tests="1" name="com.pivotree.auto.training.TC_DynamicHandlingCheckBoxes" time="15.689" errors="0" timestamp="2025-05-24T17:13:30 IST" skipped="0">
  <testcase classname="com.pivotree.auto.training.TC_DynamicHandlingCheckBoxes" name="Validate_DyanmicCheckBoxSelection" time="15.689"/>
</testsuite> <!-- com.pivotree.auto.training.TC_DynamicHandlingCheckBoxes -->
