<?xml version="1.0" encoding="UTF-8"?>
<!-- Generated by org.testng.reporters.JUnitReportReporter -->
<testsuite hostname="LAPTOP-KD6JVA8H" failures="0" tests="1" name="BundleUp.Bundle_Automation_Projects.TestCollection_OrangeCRM_Sanity" time="40.235" errors="0" timestamp="2025-05-13T22:15:52 IST" skipped="0">
  <testcase classname="BundleUp.Bundle_Automation_Projects.TestCollection_OrangeCRM_Sanity" name="Sanity" time="40.235"/>
</testsuite> <!-- BundleUp.Bundle_Automation_Projects.TestCollection_OrangeCRM_Sanity -->
