<?xml version="1.0" encoding="UTF-8"?>
<!-- Generated by org.testng.reporters.JUnitReportReporter -->
<testsuite hostname="LAPTOP-KD6JVA8H" failures="0" tests="3" name="go.auto.com.LandingPage.BasePageSetup" time="71.201" errors="0" timestamp="2024-09-02T19:50:21 IST" skipped="0">
  <testcase classname="go.auto.com.LandingPage.BasePageSetup" name="LaunchBrowser" time="19.477"/>
  <testcase classname="go.auto.com.LandingPage.BasePageSetup" name="LaunchBrowser" time="31.328"/>
  <testcase classname="go.auto.com.LandingPage.BasePageSetup" name="LaunchBrowser" time="20.396"/>
</testsuite> <!-- go.auto.com.LandingPage.BasePageSetup -->
