<?xml version="1.0" encoding="UTF-8"?>
<!-- Generated by org.testng.reporters.JUnitReportReporter -->
<testsuite hostname="LAPTOP-KD6JVA8H" failures="0" tests="9" name="com.RestAssured.Collection.EmpPersonal_RootMain" time="16.143" errors="0" timestamp="2024-11-20T19:07:44 IST" skipped="0">
  <testcase classname="com.RestAssured.Collection.EmpPersonal_RootMain" name="PostCreate_User" time="1.214"/>
  <testcase classname="com.RestAssured.Collection.EmpPersonal_RootMain" name="PostCreate_User" time="1.210"/>
  <testcase classname="com.RestAssured.Collection.EmpPersonal_RootMain" name="PostCreate_User" time="1.283"/>
  <testcase classname="com.RestAssured.Collection.EmpPersonal_RootMain" name="PostCreate_User" time="1.209"/>
  <testcase classname="com.RestAssured.Collection.EmpPersonal_RootMain" name="PostCreate_User" time="1.230"/>
  <testcase classname="com.RestAssured.Collection.EmpPersonal_RootMain" name="PostCreate_User" time="1.200"/>
  <testcase classname="com.RestAssured.Collection.EmpPersonal_RootMain" name="PostCreate_User" time="6.380"/>
  <testcase classname="com.RestAssured.Collection.EmpPersonal_RootMain" name="PostCreate_User" time="1.223"/>
  <testcase classname="com.RestAssured.Collection.EmpPersonal_RootMain" name="PostCreate_User" time="1.194"/>
</testsuite> <!-- com.RestAssured.Collection.EmpPersonal_RootMain -->
