<?xml version="1.0" encoding="UTF-8"?>
<!-- Generated by org.testng.reporters.JUnitReportReporter -->
<testsuite hostname="LAPTOP-KD6JVA8H" failures="0" tests="1" name="com.Interview_Tests.Automate_GoogleSearch" time="3.603" errors="0" timestamp="2024-12-29T16:13:39 IST" skipped="0">
  <testcase classname="com.Interview_Tests.Automate_GoogleSearch" name="Automate_Google_Search" time="3.603"/>
</testsuite> <!-- com.Interview_Tests.Automate_GoogleSearch -->
