<?xml version="1.0" encoding="UTF-8"?>
<!-- Generated by org.testng.reporters.JUnitReportReporter -->
<testsuite hostname="LAPTOP-KD6JVA8H" failures="0" tests="4" name="com.pivotree.auto.training.TC_ValidateDateErros" time="60.723" errors="0" timestamp="2025-06-02T21:09:44 IST" skipped="0">
  <testcase classname="com.pivotree.auto.training.TC_ValidateDateErros" name="Validate_Enter_OnlyStartDate" time="7.817"/>
  <testcase classname="com.pivotree.auto.training.TC_ValidateDateErros" name="Validate_Enter_OnlyEndDate" time="7.727"/>
  <testcase classname="com.pivotree.auto.training.TC_ValidateDateErros" name="Validate_No_Value_Enter_StartEndDate" time="7.734"/>
  <testcase classname="com.pivotree.auto.training.TC_ValidateDateErros" name="Validate_StartDate_GreaterEndDate" time="37.445"/>
</testsuite> <!-- com.pivotree.auto.training.TC_ValidateDateErros -->
