<?xml version="1.0" encoding="UTF-8"?>
<!-- Generated by org.testng.reporters.JUnitReportReporter -->
<testsuite hostname="LAPTOP-KD6JVA8H" failures="0" tests="1" name="com.pivotree.auto.training.TC_ValidateExpectedListValues" time="20.140" errors="0" timestamp="2025-05-25T18:29:10 IST" skipped="0">
  <testcase classname="com.pivotree.auto.training.TC_ValidateExpectedListValues" name="validateListAgainstExpectedValues" time="20.140"/>
</testsuite> <!-- com.pivotree.auto.training.TC_ValidateExpectedListValues -->
