<?xml version="1.0" encoding="UTF-8"?>
<!-- Generated by org.testng.reporters.JUnitReportReporter -->
<testsuite hostname="LAPTOP-KD6JVA8H" failures="0" tests="4" name="com.pivotree.auto.training.TC_FillPersonalDetails" time="40.682" errors="0" timestamp="2025-06-02T21:09:44 IST" skipped="2">
  <testcase classname="com.pivotree.auto.training.TC_FillPersonalDetails" name="FillPersonalDetails" time="20.869"/>
  <testcase classname="com.pivotree.auto.training.TC_FillPersonalDetails" name="FillPersonalDetails" time="19.813"/>
  <testcase classname="com.pivotree.auto.training.TC_FillPersonalDetails" name="ValidateMultiplePageLocators">
    <skipped/>
  </testcase> <!-- ValidateMultiplePageLocators -->
  <testcase classname="com.pivotree.auto.training.TC_FillPersonalDetails" name="ValidatePageTitle">
    <skipped/>
  </testcase> <!-- ValidatePageTitle -->
</testsuite> <!-- com.pivotree.auto.training.TC_FillPersonalDetails -->
