<?xml version="1.0" encoding="UTF-8"?>
<!-- Generated by org.testng.reporters.JUnitReportReporter -->
<testsuite hostname="LAPTOP-KD6JVA8H" failures="0" tests="4" name="com.pivotree.auto.training.TC_ValidateExpectedListValues" time="19.999" errors="0" timestamp="2025-06-02T21:09:44 IST" skipped="2">
  <testcase classname="com.pivotree.auto.training.TC_ValidateExpectedListValues" name="validateListAgainstExpectedValues_aldo_Women" time="8.698"/>
  <testcase classname="com.pivotree.auto.training.TC_ValidateExpectedListValues" name="validateListAgainstExpectedValues_aldo_Collections" time="11.301"/>
  <testcase classname="com.pivotree.auto.training.TC_ValidateExpectedListValues" name="validateListAgainstExpectedValues_blogspot">
    <skipped/>
  </testcase> <!-- validateListAgainstExpectedValues_blogspot -->
  <testcase classname="com.pivotree.auto.training.TC_ValidateExpectedListValues" name="validateListAgainstExpectedValues_blogspot">
    <skipped/>
  </testcase> <!-- validateListAgainstExpectedValues_blogspot -->
</testsuite> <!-- com.pivotree.auto.training.TC_ValidateExpectedListValues -->
