<?xml version="1.0" encoding="UTF-8"?>
<!-- Generated by org.testng.reporters.JUnitReportReporter -->
<testsuite hostname="LAPTOP-KD6JVA8H" failures="0" tests="2" name="com.pivotree.auto.training.Case_ValidatePageTitle" time="16.961" errors="0" timestamp="2025-05-22T22:08:16 IST" skipped="1">
  <testcase classname="com.pivotree.auto.training.Case_ValidatePageTitle" name="ValidateMultiplePageLocators" time="16.961"/>
  <testcase classname="com.pivotree.auto.training.Case_ValidatePageTitle" name="ValidatePageTitle">
    <skipped/>
  </testcase> <!-- ValidatePageTitle -->
</testsuite> <!-- com.pivotree.auto.training.Case_ValidatePageTitle -->
