<?xml version="1.0" encoding="UTF-8"?>
<!-- Generated by org.testng.reporters.JUnitReportReporter -->
<testsuite hostname="LAPTOP-KD6JVA8H" failures="0" tests="2" name="com.pivotree.auto.training.TC_FillPersonalDetails" time="30.300" errors="0" timestamp="2025-05-23T13:43:14 IST" skipped="0">
  <testcase classname="com.pivotree.auto.training.TC_FillPersonalDetails" name="ValidatePageTitle" time="8.374"/>
  <testcase classname="com.pivotree.auto.training.TC_FillPersonalDetails" name="ValidateMultiplePageLocators" time="21.926"/>
</testsuite> <!-- com.pivotree.auto.training.TC_FillPersonalDetails -->
