<?xml version="1.0" encoding="UTF-8"?>
<!-- Generated by org.testng.reporters.JUnitReportReporter -->
<testsuite hostname="LAPTOP-KD6JVA8H" failures="0" tests="1" name="com.pivotree.auto.training.TC_ProductSelectionAutomation" time="14.456" errors="0" timestamp="2025-05-27T12:00:08 IST" skipped="0">
  <testcase classname="com.pivotree.auto.training.TC_ProductSelectionAutomation" name="validate_MatchedProductSelection" time="14.456"/>
</testsuite> <!-- com.pivotree.auto.training.TC_ProductSelectionAutomation -->
