<?xml version="1.0" encoding="UTF-8"?>
<!-- Generated by org.testng.reporters.JUnitReportReporter -->
<testsuite hostname="LAPTOP-KD6JVA8H" failures="0" tests="1" name="com.RestAssured.Final_GetRequest_Sanity" time="3.755" errors="0" timestamp="2024-10-15T22:25:49 IST" skipped="0">
  <testcase classname="com.RestAssured.Final_GetRequest_Sanity" name="Verify_PaymentRefNo" time="3.755"/>
</testsuite> <!-- com.RestAssured.Final_GetRequest_Sanity -->
