<?xml version="1.0" encoding="UTF-8"?>
<!-- Generated by org.testng.reporters.JUnitReportReporter -->
<testsuite hostname="LAPTOP-KD6JVA8H" failures="0" tests="2" name="com.pivotree.auto.training.TC_FillPersonalDetails" time="39.786" errors="0" timestamp="2025-05-27T12:00:08 IST" skipped="0">
  <testcase classname="com.pivotree.auto.training.TC_FillPersonalDetails" name="ValidatePageTitle" time="9.601"/>
  <testcase classname="com.pivotree.auto.training.TC_FillPersonalDetails" name="ValidateMultiplePageLocators" time="30.185"/>
</testsuite> <!-- com.pivotree.auto.training.TC_FillPersonalDetails -->
