<?xml version="1.0" encoding="UTF-8"?>
<!-- Generated by org.testng.reporters.JUnitReportReporter -->
<testsuite hostname="LAPTOP-KD6JVA8H" failures="0" tests="1" name="com.RestAssured.SanityTestCollection" time="7.719" errors="0" timestamp="2024-09-24T22:32:27 IST" skipped="0">
  <testcase classname="com.RestAssured.SanityTestCollection" name="Verify_DataStructure" time="7.719"/>
</testsuite> <!-- com.RestAssured.SanityTestCollection -->
