<?xml version="1.0" encoding="UTF-8"?>
<!-- Generated by org.testng.reporters.JUnitReportReporter -->
<testsuite hostname="LAPTOP-KD6JVA8H" failures="0" tests="2" name="com.pivotree.auto.training.TC_HandlingAutoSuggestDropdowns" time="22.574" errors="0" timestamp="2025-06-02T21:09:44 IST" skipped="0">
  <testcase classname="com.pivotree.auto.training.TC_HandlingAutoSuggestDropdowns" name="Validate_SuggestCount" time="9.669"/>
  <testcase classname="com.pivotree.auto.training.TC_HandlingAutoSuggestDropdowns" name="selectLongestAutoSuggestion" time="12.905"/>
</testsuite> <!-- com.pivotree.auto.training.TC_HandlingAutoSuggestDropdowns -->
