<?xml version="1.0" encoding="UTF-8"?>
<!-- Generated by org.testng.reporters.JUnitReportReporter -->
<testsuite hostname="LAPTOP-KD6JVA8H" failures="0" tests="2" name="com.pivotree.auto.training.TC_HandlingAutoSuggestDropdowns" time="24.600" errors="0" timestamp="2025-05-27T12:00:08 IST" skipped="0">
  <testcase classname="com.pivotree.auto.training.TC_HandlingAutoSuggestDropdowns" name="Validate_SuggestCount" time="10.796"/>
  <testcase classname="com.pivotree.auto.training.TC_HandlingAutoSuggestDropdowns" name="selectLongestAutoSuggestion" time="13.804"/>
</testsuite> <!-- com.pivotree.auto.training.TC_HandlingAutoSuggestDropdowns -->
