<?xml version="1.0" encoding="UTF-8"?>
<!-- Generated by org.testng.reporters.JUnitReportReporter -->
<testsuite hostname="LAPTOP-KD6JVA8H" failures="0" tests="4" name="com.pivotree.auto.training.TC_ScrollToElementAndCapture" time="47.434" errors="0" timestamp="2025-05-27T12:00:08 IST" skipped="0">
  <testcase classname="com.pivotree.auto.training.TC_ScrollToElementAndCapture" name="Validate_scrollToTopAndCapture" time="7.543"/>
  <testcase classname="com.pivotree.auto.training.TC_ScrollToElementAndCapture" name="Validate_scrollToBottomAndCapture" time="7.199"/>
  <testcase classname="com.pivotree.auto.training.TC_ScrollToElementAndCapture" name="Validate_scrollToElementAndCapture" time="7.443"/>
  <testcase classname="com.pivotree.auto.training.TC_ScrollToElementAndCapture" name="Validate_captureFullPageScreen" time="25.249"/>
</testsuite> <!-- com.pivotree.auto.training.TC_ScrollToElementAndCapture -->
