<?xml version="1.0" encoding="UTF-8"?>
<!-- Generated by org.testng.reporters.JUnitReportReporter -->
<testsuite hostname="LAPTOP-KD6JVA8H" failures="0" tests="4" name="com.pivotree.auto.training.TC_ScrollToElementAndCapture" time="44.905" errors="0" timestamp="2025-05-24T18:22:28 IST" skipped="0">
  <testcase classname="com.pivotree.auto.training.TC_ScrollToElementAndCapture" name="Validate_scrollToTopAndCapture" time="7.277"/>
  <testcase classname="com.pivotree.auto.training.TC_ScrollToElementAndCapture" name="Validate_scrollToBottomAndCapture" time="7.757"/>
  <testcase classname="com.pivotree.auto.training.TC_ScrollToElementAndCapture" name="Validate_scrollToElementAndCapture" time="6.892"/>
  <testcase classname="com.pivotree.auto.training.TC_ScrollToElementAndCapture" name="Validate_captureFullPageScreen" time="22.979"/>
</testsuite> <!-- com.pivotree.auto.training.TC_ScrollToElementAndCapture -->
