<?xml version="1.0" encoding="UTF-8"?>
<!-- Generated by org.testng.reporters.JUnitReportReporter -->
<testsuite hostname="LAPTOP-KD6JVA8H" failures="0" tests="2" name="com.pivotree.auto.training.TC_DynamicTabNavigation" time="48.222" errors="0" timestamp="2025-05-25T18:26:31 IST" skipped="0">
  <testcase classname="com.pivotree.auto.training.TC_DynamicTabNavigation" name="Validate_TabNamesCorrectness" time="9.385"/>
  <testcase classname="com.pivotree.auto.training.TC_DynamicTabNavigation" name="Validate_TabNamesNavigatedCorrectly" time="38.837"/>
</testsuite> <!-- com.pivotree.auto.training.TC_DynamicTabNavigation -->
