<?xml version="1.0" encoding="UTF-8"?>
<!-- Generated by org.testng.reporters.JUnitReportReporter -->
<testsuite hostname="LAPTOP-KD6JVA8H" failures="0" tests="4" name="com.pivotree.auto.training.TC_ValidateDateErros" time="46.420" errors="0" timestamp="2025-05-23T22:30:29 IST" skipped="0">
  <testcase classname="com.pivotree.auto.training.TC_ValidateDateErros" name="Validate_Enter_OnlyStartDate" time="10.482"/>
  <testcase classname="com.pivotree.auto.training.TC_ValidateDateErros" name="Validate_Enter_OnlyEndDate" time="11.595"/>
  <testcase classname="com.pivotree.auto.training.TC_ValidateDateErros" name="Validate_No_Value_Enter_StartEndDate" time="10.753"/>
  <testcase classname="com.pivotree.auto.training.TC_ValidateDateErros" name="Validate_StartDate_GreaterEndDate" time="13.590"/>
</testsuite> <!-- com.pivotree.auto.training.TC_ValidateDateErros -->
