<?xml version="1.0" encoding="UTF-8"?>
<!-- Generated by org.testng.reporters.JUnitReportReporter -->
<testsuite hostname="LAPTOP-KD6JVA8H" failures="0" tests="1" name="com.RestAssured.Final_PostRequest_Sanity" time="5.123" errors="0" timestamp="2024-10-17T22:13:57 IST" skipped="0">
  <testcase classname="com.RestAssured.Final_PostRequest_Sanity" name="VerifyStatusCode" time="5.123"/>
</testsuite> <!-- com.RestAssured.Final_PostRequest_Sanity -->
