<?xml version="1.0" encoding="UTF-8"?>
<!-- Generated by org.testng.reporters.JUnitReportReporter -->
<testsuite hostname="LAPTOP-KD6JVA8H" failures="0" tests="1" name="com.pivotree.auto.training.TC_SelectDateFromPicker" time="12.286" errors="0" timestamp="2025-05-23T13:43:14 IST" skipped="0">
  <testcase classname="com.pivotree.auto.training.TC_SelectDateFromPicker" name="Validate_DyanmicCheckBoxSelection" time="12.286"/>
</testsuite> <!-- com.pivotree.auto.training.TC_SelectDateFromPicker -->
