<?xml version="1.0" encoding="UTF-8"?>
<!-- Generated by org.testng.reporters.JUnitReportReporter -->
<testsuite hostname="LAPTOP-KD6JVA8H" failures="0" tests="1" name="com.RestAssured.PostEmployeeDetails" time="0.011" errors="0" timestamp="2024-10-26T19:23:02 IST" skipped="0">
  <testcase classname="com.RestAssured.PostEmployeeDetails" name="SanityTest" time="0.011"/>
</testsuite> <!-- com.RestAssured.PostEmployeeDetails -->
