<?xml version="1.0" encoding="UTF-8"?>
<!-- Generated by org.testng.reporters.JUnitReportReporter -->
<testsuite hostname="LAPTOP-KD6JVA8H" failures="0" tests="2" name="com.pivotree.auto.training.TC_captureScreenshotsWhileNavigatingTabs" time="33.460" errors="0" timestamp="2025-05-24T17:56:27 IST" skipped="1">
  <testcase classname="com.pivotree.auto.training.TC_captureScreenshotsWhileNavigatingTabs" name="captureScreenshotsWhileSwitchingTabs" time="33.460"/>
  <testcase classname="com.pivotree.auto.training.TC_captureScreenshotsWhileNavigatingTabs" name="Validate_TabNamesCorrectness">
    <skipped/>
  </testcase> <!-- Validate_TabNamesCorrectness -->
</testsuite> <!-- com.pivotree.auto.training.TC_captureScreenshotsWhileNavigatingTabs -->
