<?xml version="1.0" encoding="UTF-8"?>
<!-- Generated by org.testng.reporters.JUnitReportReporter -->
<testsuite hostname="LAPTOP-KD6JVA8H" failures="0" tests="1" name="com.RestAssured.Req_Res_Specification" time="8.360" errors="0" timestamp="2024-10-02T22:38:57 IST" skipped="0">
  <testcase classname="com.RestAssured.Req_Res_Specification" name="ResponseSpec_Type_6" time="8.360"/>
</testsuite> <!-- com.RestAssured.Req_Res_Specification -->
