<?xml version="1.0" encoding="UTF-8"?>
<!-- Generated by org.testng.reporters.JUnitReportReporter -->
<testsuite hostname="LAPTOP-KD6JVA8H" failures="0" tests="1" name="com.RestAssured.Post_Assignment_1" time="5.336" errors="0" timestamp="2024-10-21T21:44:11 IST" skipped="0">
  <testcase classname="com.RestAssured.Post_Assignment_1" name="VerifyStatusCode" time="5.336"/>
</testsuite> <!-- com.RestAssured.Post_Assignment_1 -->
