<?xml version="1.0" encoding="UTF-8"?>
<!-- Generated by org.testng.reporters.JUnitReportReporter -->
<testsuite hostname="LAPTOP-KD6JVA8H" failures="0" tests="2" name="com.pivotree.auto.training.TC_captureScreenshotsWhileNavigatingTabs" time="28.560" errors="0" timestamp="2025-06-02T21:09:44 IST" skipped="0">
  <testcase classname="com.pivotree.auto.training.TC_captureScreenshotsWhileNavigatingTabs" name="Validate_TabNamesCorrectness" time="7.281"/>
  <testcase classname="com.pivotree.auto.training.TC_captureScreenshotsWhileNavigatingTabs" name="captureScreenshotsWhileSwitchingTabs" time="21.279"/>
</testsuite> <!-- com.pivotree.auto.training.TC_captureScreenshotsWhileNavigatingTabs -->
