<?xml version="1.0" encoding="UTF-8"?>
<!-- Generated by org.testng.reporters.JUnitReportReporter -->
<testsuite hostname="LAPTOP-KD6JVA8H" failures="0" tests="2" name="com.pivotree.auto.training.TC_DynamicTabNavigation" time="52.885" errors="0" timestamp="2025-05-24T17:56:27 IST" skipped="0">
  <testcase classname="com.pivotree.auto.training.TC_DynamicTabNavigation" name="Validate_TabNamesCorrectness" time="13.394"/>
  <testcase classname="com.pivotree.auto.training.TC_DynamicTabNavigation" name="Validate_TabNamesNavigatedCorrectly" time="39.491"/>
</testsuite> <!-- com.pivotree.auto.training.TC_DynamicTabNavigation -->
