<?xml version="1.0" encoding="UTF-8"?>
<!-- Generated by org.testng.reporters.JUnitReportReporter -->
<testsuite hostname="LAPTOP-KD6JVA8H" failures="0" tests="2" name="com.pivotree.auto.training.TC_ValidateBrokenLinks" time="43.596" errors="0" timestamp="2025-06-02T21:09:44 IST" skipped="0">
  <testcase classname="com.pivotree.auto.training.TC_ValidateBrokenLinks" name="Validate_Label_BrokenLinks" time="20.879"/>
  <testcase classname="com.pivotree.auto.training.TC_ValidateBrokenLinks" name="Validate_Label_FooterLink" time="22.717"/>
</testsuite> <!-- com.pivotree.auto.training.TC_ValidateBrokenLinks -->
