<?xml version="1.0" encoding="UTF-8"?>
<!-- Generated by org.testng.reporters.JUnitReportReporter -->
<testsuite hostname="LAPTOP-KD6JVA8H" failures="0" tests="1" name="com.pivotree.auto.training.TC_IdentifyDuplicateSelectValues" time="11.242" errors="0" timestamp="2025-06-02T21:09:44 IST" skipped="0">
  <testcase classname="com.pivotree.auto.training.TC_IdentifyDuplicateSelectValues" name="Validate_SelectDuplicateValuesInDropdown" time="11.242"/>
</testsuite> <!-- com.pivotree.auto.training.TC_IdentifyDuplicateSelectValues -->
