<?xml version="1.0" encoding="UTF-8"?>
<!-- Generated by org.testng.reporters.JUnitReportReporter -->
<testsuite hostname="LAPTOP-KD6JVA8H" failures="0" tests="4" name="com.pivotree.auto.training.TC_ScrollToElementAndCapture" time="57.699" errors="0" timestamp="2025-05-25T18:26:31 IST" skipped="0">
  <testcase classname="com.pivotree.auto.training.TC_ScrollToElementAndCapture" name="Validate_scrollToTopAndCapture" time="9.730"/>
  <testcase classname="com.pivotree.auto.training.TC_ScrollToElementAndCapture" name="Validate_scrollToBottomAndCapture" time="10.523"/>
  <testcase classname="com.pivotree.auto.training.TC_ScrollToElementAndCapture" name="Validate_scrollToElementAndCapture" time="9.883"/>
  <testcase classname="com.pivotree.auto.training.TC_ScrollToElementAndCapture" name="Validate_captureFullPageScreen" time="27.563"/>
</testsuite> <!-- com.pivotree.auto.training.TC_ScrollToElementAndCapture -->
