<?xml version="1.0" encoding="UTF-8"?>
<!-- Generated by org.testng.reporters.JUnitReportReporter -->
<testsuite hostname="LAPTOP-KD6JVA8H" failures="0" tests="2" name="ExceptionHandling.CustomException" time="0.016" errors="0" timestamp="2025-01-05T20:45:00 IST" skipped="0">
  <testcase classname="ExceptionHandling.CustomException" name="Case" time="0.013"/>
  <testcase classname="ExceptionHandling.CustomException" name="Case" time="0.003"/>
</testsuite> <!-- ExceptionHandling.CustomException -->
