<?xml version="1.0" encoding="UTF-8"?>
<!-- Generated by org.testng.reporters.JUnitReportReporter -->
<testsuite hostname="LAPTOP-KD6JVA8H" failures="0" tests="3" name="com.RestAssured.Validate_Get_Request" time="8.525" errors="0" timestamp="2024-09-19T21:56:10 IST" skipped="0">
  <testcase classname="com.RestAssured.Validate_Get_Request" name="Extract_Single_Field" time="7.482"/>
  <testcase classname="com.RestAssured.Validate_Get_Request" name="Verify_DataStructure" time="0.464"/>
  <testcase classname="com.RestAssured.Validate_Get_Request" name="FieldLength_ValueCheck" time="0.579"/>
</testsuite> <!-- com.RestAssured.Validate_Get_Request -->
