<?xml version="1.0" encoding="UTF-8"?>
<!-- Generated by org.testng.reporters.JUnitReportReporter -->
<testsuite hostname="LAPTOP-KD6JVA8H" failures="0" tests="4" name="com.pivotree.auto.training.TC_ValidateDateErros" time="38.162" errors="0" timestamp="2025-05-27T12:00:08 IST" skipped="0">
  <testcase classname="com.pivotree.auto.training.TC_ValidateDateErros" name="Validate_Enter_OnlyStartDate" time="9.779"/>
  <testcase classname="com.pivotree.auto.training.TC_ValidateDateErros" name="Validate_Enter_OnlyEndDate" time="9.637"/>
  <testcase classname="com.pivotree.auto.training.TC_ValidateDateErros" name="Validate_No_Value_Enter_StartEndDate" time="8.785"/>
  <testcase classname="com.pivotree.auto.training.TC_ValidateDateErros" name="Validate_StartDate_GreaterEndDate" time="9.961"/>
</testsuite> <!-- com.pivotree.auto.training.TC_ValidateDateErros -->
