<?xml version="1.0" encoding="UTF-8"?>
<!-- Generated by org.testng.reporters.JUnitReportReporter -->
<testsuite hostname="LAPTOP-KD6JVA8H" failures="0" tests="1" name="com.pivotree.auto.training.TC_IdentifyDuplicateSelectValues" time="37.107" errors="0" timestamp="2025-05-25T15:26:33 IST" skipped="0">
  <testcase classname="com.pivotree.auto.training.TC_IdentifyDuplicateSelectValues" name="Validate_SelectDuplicateValuesInDropdown" time="37.107"/>
</testsuite> <!-- com.pivotree.auto.training.TC_IdentifyDuplicateSelectValues -->
