<?xml version="1.0" encoding="UTF-8"?>
<!-- Generated by org.testng.reporters.JUnitReportReporter -->
<testsuite hostname="LAPTOP-KD6JVA8H" failures="0" tests="2" name="com.pivotree.auto.training.TC_ValidateBrokenLinks" time="54.031" errors="0" timestamp="2025-05-27T12:00:08 IST" skipped="0">
  <testcase classname="com.pivotree.auto.training.TC_ValidateBrokenLinks" name="Validate_Label_BrokenLinks" time="30.655"/>
  <testcase classname="com.pivotree.auto.training.TC_ValidateBrokenLinks" name="Validate_Label_FooterLink" time="23.376"/>
</testsuite> <!-- com.pivotree.auto.training.TC_ValidateBrokenLinks -->
